ShareSDK/build/outputs/logs/manifest-merger-release-report.txt
-- Merging decision tree log ---
manifest
ADDED from Dogplanet/ShareSDK/AndroidManifest.xml:2:1-15:12
INJECTED from Dogplanet/ShareSDK/AndroidManifest.xml:2:1-15:12
INJECTED from Dogplanet/ShareSDK/AndroidManifest.xml:2:1-15:12
INJECTED from Dogplanet/ShareSDK/AndroidManifest.xml:2:1-15:12
INJECTED from Dogplanet/ShareSDK/AndroidManifest.xml:2:1-15:12
INJECTED from Dogplanet/ShareSDK/AndroidManifest.xml:2:1-15:12
INJECTED from Dogplanet/ShareSDK/AndroidManifest.xml:2:1-15:12
	package
		ADDED from Dogplanet/ShareSDK/AndroidManifest.xml:3:5-26
		INJECTED from Dogplanet/ShareSDK/AndroidManifest.xml
		INJECTED from Dogplanet/ShareSDK/AndroidManifest.xml
	android:versionName
		ADDED from Dogplanet/ShareSDK/AndroidManifest.xml:5:5-30
		INJECTED from Dogplanet/ShareSDK/AndroidManifest.xml
		INJECTED from Dogplanet/ShareSDK/AndroidManifest.xml
	xmlns:android
		ADDED from Dogplanet/ShareSDK/AndroidManifest.xml:2:11-69
	android:versionCode
		ADDED from Dogplanet/ShareSDK/AndroidManifest.xml:4:5-28
		INJECTED from Dogplanet/ShareSDK/AndroidManifest.xml
		INJECTED from Dogplanet/ShareSDK/AndroidManifest.xml
uses-sdk
ADDED from Dogplanet/ShareSDK/AndroidManifest.xml:7:5-9:41
	android:targetSdkVersion
		ADDED from Dogplanet/ShareSDK/AndroidManifest.xml:9:9-38
	android:minSdkVersion
		ADDED from Dogplanet/ShareSDK/AndroidManifest.xml:8:9-35
application
ADDED from Dogplanet/ShareSDK/AndroidManifest.xml:11:5-13:19
	android:allowBackup
		ADDED from Dogplanet/ShareSDK/AndroidManifest.xml:12:9-35